c:\users\abao\desktop\five\five\debug\five.pch
c:\users\abao\desktop\five\five\debug\vc141.pdb
c:\users\abao\desktop\five\five\debug\vc141.idb
c:\users\abao\desktop\five\five\debug\stdafx.obj
c:\users\abao\desktop\five\five\debug\classview.obj
c:\users\abao\desktop\five\five\debug\fileview.obj
c:\users\abao\desktop\five\five\debug\five.obj
c:\users\abao\desktop\five\five\debug\fivedoc.obj
c:\users\abao\desktop\five\five\debug\fiveview.obj
c:\users\abao\desktop\five\five\debug\mainfrm.obj
c:\users\abao\desktop\five\five\debug\outputwnd.obj
c:\users\abao\desktop\five\five\debug\propertieswnd.obj
c:\users\abao\desktop\five\five\debug\viewtree.obj
c:\users\abao\desktop\five\five\debug\show.obj
c:\users\abao\desktop\five\debug\five.ilk
c:\users\abao\desktop\five\debug\five.exe
c:\users\abao\desktop\five\debug\five.pdb
c:\users\abao\desktop\five\five\debug\five.res
e:\project\operation\five\five\debug\classview.obj
e:\project\operation\five\five\debug\fileview.obj
e:\project\operation\five\five\debug\five.obj
e:\project\operation\five\five\debug\fivedoc.obj
e:\project\operation\five\five\debug\fiveview.obj
e:\project\operation\five\five\debug\mainfrm.obj
e:\project\operation\five\five\debug\outputwnd.obj
e:\project\operation\five\five\debug\propertieswnd.obj
e:\project\operation\five\five\debug\show.obj
e:\project\operation\five\five\debug\stdafx.obj
e:\project\operation\five\five\debug\viewtree.obj
e:\project\operation\five\five\debug\five.res
e:\project\operation\five\five\debug\five.pch
e:\project\operation\five\five\debug\vc141.idb
e:\project\operation\five\five\debug\vc141.pdb
e:\project\operation\five\debug\five.pdb
e:\project\operation\five\debug\five.exe
e:\project\operation\five\debug\five.ilk
e:\project\operation\five\five\debug\five.tlog\cl.command.1.tlog
e:\project\operation\five\five\debug\five.tlog\cl.read.1.tlog
e:\project\operation\five\five\debug\five.tlog\cl.write.1.tlog
e:\project\operation\five\five\debug\five.tlog\link.command.1.tlog
e:\project\operation\five\five\debug\five.tlog\link.read.1.tlog
e:\project\operation\five\five\debug\five.tlog\link.write.1.tlog
e:\project\operation\five\five\debug\five.tlog\rc.command.1.tlog
e:\project\operation\five\five\debug\five.tlog\rc.read.1.tlog
e:\project\operation\five\five\debug\five.tlog\rc.write.1.tlog
