e:\fobaolin\上机实习\third\zb\zb\debug\zb.pch
e:\fobaolin\上机实习\third\zb\zb\debug\vc140.pdb
e:\fobaolin\上机实习\third\zb\zb\debug\vc140.idb
e:\fobaolin\上机实习\third\zb\zb\debug\stdafx.obj
e:\fobaolin\上机实习\third\zb\zb\debug\zb.obj
e:\fobaolin\上机实习\third\zb\zb\debug\zbdlg.obj
e:\fobaolin\上机实习\third\zb\debug\zb.ilk
e:\fobaolin\上机实习\third\zb\debug\zb.exe
e:\fobaolin\上机实习\third\zb\debug\zb.pdb
e:\fobaolin\上机实习\third\zb\zb\debug\zb.res
e:\project\operation\third\zb\zb\debug\stdafx.obj
e:\project\operation\third\zb\zb\debug\zb.obj
e:\project\operation\third\zb\zb\debug\zbdlg.obj
e:\project\operation\third\zb\zb\debug\zb.res
e:\project\operation\third\zb\zb\debug\zb.pch
e:\project\operation\third\zb\zb\debug\vc140.idb
e:\project\operation\third\zb\zb\debug\vc140.pdb
e:\project\operation\third\zb\debug\zb.pdb
e:\project\operation\third\zb\debug\zb.exe
e:\project\operation\third\zb\debug\zb.ilk
e:\project\operation\third\zb\zb\debug\zb.tlog\cl.command.1.tlog
e:\project\operation\third\zb\zb\debug\zb.tlog\cl.read.1.tlog
e:\project\operation\third\zb\zb\debug\zb.tlog\cl.write.1.tlog
e:\project\operation\third\zb\zb\debug\zb.tlog\link.command.1.tlog
e:\project\operation\third\zb\zb\debug\zb.tlog\link.read.1.tlog
e:\project\operation\third\zb\zb\debug\zb.tlog\link.write.1.tlog
e:\project\operation\third\zb\zb\debug\zb.tlog\rc.command.1.tlog
e:\project\operation\third\zb\zb\debug\zb.tlog\rc.read.1.tlog
e:\project\operation\third\zb\zb\debug\zb.tlog\rc.write.1.tlog
